  Car.cpp
C:\Users\aliko\4\main\main\Car.h(20,32): error C7525: inline variables require at least '/std:c++17'
C:\Users\aliko\4\main\main\Car.h(20,67): error C2864: 'Car::_generator': a static data member with an in-class initializer must have non-volatile const integral type or be specified as 'inline'
C:\Users\aliko\4\main\main\Car.h(20,67): message : type is 'std::mt19937'
C:\Users\aliko\4\main\main\Car.h(21,52): error C7525: inline variables require at least '/std:c++17'
C:\Users\aliko\4\main\main\Car.h(21,86): error C2864: 'Car::_priceDistribution': a static data member with an in-class initializer must have non-volatile const integral type or be specified as 'inline'
C:\Users\aliko\4\main\main\Car.h(21,86): message : type is 'std::uniform_real_distribution<double>'
C:\Users\aliko\4\main\main\Car.h(22,51): error C7525: inline variables require at least '/std:c++17'
C:\Users\aliko\4\main\main\Car.h(22,79): error C2864: 'Car::_letterDistribution': a static data member with an in-class initializer must have non-volatile const integral type or be specified as 'inline'
C:\Users\aliko\4\main\main\Car.h(22,79): message : type is 'std::uniform_int_distribution<int>'
  main.cpp
C:\Users\aliko\4\main\main\Car.h(20,32): error C7525: inline variables require at least '/std:c++17'
C:\Users\aliko\4\main\main\Car.h(20,67): error C2864: 'Car::_generator': a static data member with an in-class initializer must have non-volatile const integral type or be specified as 'inline'
C:\Users\aliko\4\main\main\Car.h(20,67): message : type is 'std::mt19937'
C:\Users\aliko\4\main\main\Car.h(21,52): error C7525: inline variables require at least '/std:c++17'
C:\Users\aliko\4\main\main\Car.h(21,86): error C2864: 'Car::_priceDistribution': a static data member with an in-class initializer must have non-volatile const integral type or be specified as 'inline'
C:\Users\aliko\4\main\main\Car.h(21,86): message : type is 'std::uniform_real_distribution<double>'
C:\Users\aliko\4\main\main\Car.h(22,51): error C7525: inline variables require at least '/std:c++17'
C:\Users\aliko\4\main\main\Car.h(22,79): error C2864: 'Car::_letterDistribution': a static data member with an in-class initializer must have non-volatile const integral type or be specified as 'inline'
C:\Users\aliko\4\main\main\Car.h(22,79): message : type is 'std::uniform_int_distribution<int>'
  Utility.cpp
C:\Users\aliko\4\main\main\Car.h(20,32): error C7525: inline variables require at least '/std:c++17'
C:\Users\aliko\4\main\main\Car.h(20,67): error C2864: 'Car::_generator': a static data member with an in-class initializer must have non-volatile const integral type or be specified as 'inline'
C:\Users\aliko\4\main\main\Car.h(20,67): message : type is 'std::mt19937'
C:\Users\aliko\4\main\main\Car.h(21,52): error C7525: inline variables require at least '/std:c++17'
C:\Users\aliko\4\main\main\Car.h(21,86): error C2864: 'Car::_priceDistribution': a static data member with an in-class initializer must have non-volatile const integral type or be specified as 'inline'
C:\Users\aliko\4\main\main\Car.h(21,86): message : type is 'std::uniform_real_distribution<double>'
C:\Users\aliko\4\main\main\Car.h(22,51): error C7525: inline variables require at least '/std:c++17'
C:\Users\aliko\4\main\main\Car.h(22,79): error C2864: 'Car::_letterDistribution': a static data member with an in-class initializer must have non-volatile const integral type or be specified as 'inline'
C:\Users\aliko\4\main\main\Car.h(22,79): message : type is 'std::uniform_int_distribution<int>'
  Generating Code...
